[1.050s] Invoking command in '/home/junho/ros2_ws/src/my_robot_controller': PYTHONPATH=/home/junho/ros2_ws/build/my_robot_controller/prefix_override:/home/junho/ros2_ws/install/my_robot_controller/lib/python3.10/site-packages:${PYTHONPATH} /usr/bin/python3 setup.py egg_info --egg-base ../../build/my_robot_controller build --build-base /home/junho/ros2_ws/build/my_robot_controller/build install --record /home/junho/ros2_ws/build/my_robot_controller/install.log --single-version-externally-managed
[1.349s] running egg_info
[1.349s] creating ../../build/my_robot_controller/my_robot_controller.egg-info
[1.349s] writing ../../build/my_robot_controller/my_robot_controller.egg-info/PKG-INFO
[1.350s] writing dependency_links to ../../build/my_robot_controller/my_robot_controller.egg-info/dependency_links.txt
[1.351s] writing entry points to ../../build/my_robot_controller/my_robot_controller.egg-info/entry_points.txt
[1.352s] writing requirements to ../../build/my_robot_controller/my_robot_controller.egg-info/requires.txt
[1.352s] writing top-level names to ../../build/my_robot_controller/my_robot_controller.egg-info/top_level.txt
[1.353s] writing manifest file '../../build/my_robot_controller/my_robot_controller.egg-info/SOURCES.txt'
[1.355s] reading manifest file '../../build/my_robot_controller/my_robot_controller.egg-info/SOURCES.txt'
[1.356s] writing manifest file '../../build/my_robot_controller/my_robot_controller.egg-info/SOURCES.txt'
[1.356s] running build
[1.356s] running build_py
[1.357s] creating /home/junho/ros2_ws/build/my_robot_controller/build
[1.357s] creating /home/junho/ros2_ws/build/my_robot_controller/build/lib
[1.357s] creating /home/junho/ros2_ws/build/my_robot_controller/build/lib/my_robot_controller
[1.357s] copying my_robot_controller/__init__.py -> /home/junho/ros2_ws/build/my_robot_controller/build/lib/my_robot_controller
[1.357s] running install
[1.358s] /usr/lib/python3/dist-packages/setuptools/command/install.py:34: SetuptoolsDeprecationWarning: setup.py install is deprecated. Use build and pip and other standards-based tools.
[1.359s]   warnings.warn(
[1.359s] running install_lib
[1.360s] creating /home/junho/ros2_ws/install/my_robot_controller/lib/python3.10/site-packages/my_robot_controller
[1.360s] copying /home/junho/ros2_ws/build/my_robot_controller/build/lib/my_robot_controller/__init__.py -> /home/junho/ros2_ws/install/my_robot_controller/lib/python3.10/site-packages/my_robot_controller
[1.361s] byte-compiling /home/junho/ros2_ws/install/my_robot_controller/lib/python3.10/site-packages/my_robot_controller/__init__.py to __init__.cpython-310.pyc
[1.361s] running install_data
[1.362s] creating /home/junho/ros2_ws/install/my_robot_controller/share/ament_index
[1.362s] creating /home/junho/ros2_ws/install/my_robot_controller/share/ament_index/resource_index
[1.362s] creating /home/junho/ros2_ws/install/my_robot_controller/share/ament_index/resource_index/packages
[1.362s] copying resource/my_robot_controller -> /home/junho/ros2_ws/install/my_robot_controller/share/ament_index/resource_index/packages
[1.363s] copying package.xml -> /home/junho/ros2_ws/install/my_robot_controller/share/my_robot_controller
[1.363s] running install_egg_info
[1.366s] Copying ../../build/my_robot_controller/my_robot_controller.egg-info to /home/junho/ros2_ws/install/my_robot_controller/lib/python3.10/site-packages/my_robot_controller-0.0.0-py3.10.egg-info
[1.368s] running install_scripts
[1.395s] writing list of installed files to '/home/junho/ros2_ws/build/my_robot_controller/install.log'
[1.421s] Invoked command in '/home/junho/ros2_ws/src/my_robot_controller' returned '0': PYTHONPATH=/home/junho/ros2_ws/build/my_robot_controller/prefix_override:/home/junho/ros2_ws/install/my_robot_controller/lib/python3.10/site-packages:${PYTHONPATH} /usr/bin/python3 setup.py egg_info --egg-base ../../build/my_robot_controller build --build-base /home/junho/ros2_ws/build/my_robot_controller/build install --record /home/junho/ros2_ws/build/my_robot_controller/install.log --single-version-externally-managed
