[1.035s] Invoking command in '/home/junho/ros2_ws/src/my_robot_controller': PYTHONPATH=/home/junho/ros2_ws/build/my_robot_controller/prefix_override:/home/junho/ros2_ws/install/my_robot_controller/lib/python3.10/site-packages:${PYTHONPATH} /usr/bin/python3 setup.py egg_info --egg-base ../../build/my_robot_controller build --build-base /home/junho/ros2_ws/build/my_robot_controller/build install --record /home/junho/ros2_ws/build/my_robot_controller/install.log --single-version-externally-managed
[1.395s] running egg_info
[1.397s] writing ../../build/my_robot_controller/my_robot_controller.egg-info/PKG-INFO
[1.398s] writing dependency_links to ../../build/my_robot_controller/my_robot_controller.egg-info/dependency_links.txt
[1.398s] writing entry points to ../../build/my_robot_controller/my_robot_controller.egg-info/entry_points.txt
[1.399s] writing requirements to ../../build/my_robot_controller/my_robot_controller.egg-info/requires.txt
[1.399s] writing top-level names to ../../build/my_robot_controller/my_robot_controller.egg-info/top_level.txt
[1.402s] reading manifest file '../../build/my_robot_controller/my_robot_controller.egg-info/SOURCES.txt'
[1.404s] writing manifest file '../../build/my_robot_controller/my_robot_controller.egg-info/SOURCES.txt'
[1.404s] running build
[1.404s] running build_py
[1.404s] running install
[1.405s] running install_lib
[1.406s] running install_data
[1.407s] running install_egg_info
[1.409s] removing '/home/junho/ros2_ws/install/my_robot_controller/lib/python3.10/site-packages/my_robot_controller-0.0.0-py3.10.egg-info' (and everything under it)
[1.409s] Copying ../../build/my_robot_controller/my_robot_controller.egg-info to /home/junho/ros2_ws/install/my_robot_controller/lib/python3.10/site-packages/my_robot_controller-0.0.0-py3.10.egg-info
[1.410s] running install_scripts
[1.436s] writing list of installed files to '/home/junho/ros2_ws/build/my_robot_controller/install.log'
[1.473s] Invoked command in '/home/junho/ros2_ws/src/my_robot_controller' returned '0': PYTHONPATH=/home/junho/ros2_ws/build/my_robot_controller/prefix_override:/home/junho/ros2_ws/install/my_robot_controller/lib/python3.10/site-packages:${PYTHONPATH} /usr/bin/python3 setup.py egg_info --egg-base ../../build/my_robot_controller build --build-base /home/junho/ros2_ws/build/my_robot_controller/build install --record /home/junho/ros2_ws/build/my_robot_controller/install.log --single-version-externally-managed
